# JRE version: Java(TM) SE Runtime Environment (8.0_181-b13) (build 1.8.0_181-b13)
# Java VM: Java HotSpot(TM) 64-Bit Server VM (25.181-b13 mixed mode linux-amd64 compressed oops)
Heap:
 PSYoungGen      total 93184K, used 0K [0x00000000e0000000, 0x00000000e7600000, 0x0000000100000000)
  eden space 80384K, 0% used [0x00000000e0000000,0x00000000e0000000,0x00000000e4e80000)
  from space 12800K, 0% used [0x00000000e5d80000,0x00000000e5d80000,0x00000000e6a00000)
  to   space 15360K, 0% used [0x00000000e4e80000,0x00000000e4e80000,0x00000000e5d80000)
 ParOldGen       total 67072K, used 37167K [0x00000000a0000000, 0x00000000a4180000, 0x00000000e0000000)
  object space 67072K, 55% used [0x00000000a0000000,0x00000000a244bcf0,0x00000000a4180000)
 Metaspace       used 54045K, capacity 59096K, committed 59160K, reserved 1101824K
  class space    used 7486K, capacity 7773K, committed 7808K, reserved 1048576K
GC Heap History (10 events):
Event: 9.266 GC heap after
Heap after GC invocations=8 (full 1):
 PSYoungGen      total 46080K, used 6062K [0x00000000e0000000, 0x00000000e4c00000, 0x0000000100000000)
  eden space 38912K, 0% used [0x00000000e0000000,0x00000000e0000000,0x00000000e2600000)
  from space 7168K, 84% used [0x00000000e2600000,0x00000000e2beb800,0x00000000e2d00000)
  to   space 7168K, 0% used [0x00000000e4500000,0x00000000e4500000,0x00000000e4c00000)
 ParOldGen       total 42496K, used 8441K [0x00000000a0000000, 0x00000000a2980000, 0x00000000e0000000)
  object space 42496K, 19% used [0x00000000a0000000,0x00000000a083e788,0x00000000a2980000)
 Metaspace       used 33750K, capacity 35372K, committed 35496K, reserved 1079296K
  class space    used 4831K, capacity 5041K, committed 5120K, reserved 1048576K
}
Event: 9.266 GC heap before
{Heap before GC invocations=9 (full 2):
 PSYoungGen      total 46080K, used 6062K [0x00000000e0000000, 0x00000000e4c00000, 0x0000000100000000)
  eden space 38912K, 0% used [0x00000000e0000000,0x00000000e0000000,0x00000000e2600000)
  from space 7168K, 84% used [0x00000000e2600000,0x00000000e2beb800,0x00000000e2d00000)
  to   space 7168K, 0% used [0x00000000e4500000,0x00000000e4500000,0x00000000e4c00000)
 ParOldGen       total 42496K, used 8441K [0x00000000a0000000, 0x00000000a2980000, 0x00000000e0000000)
  object space 42496K, 19% used [0x00000000a0000000,0x00000000a083e788,0x00000000a2980000)
 Metaspace       used 33750K, capacity 35372K, committed 35496K, reserved 1079296K
  class space    used 4831K, capacity 5041K, committed 5120K, reserved 1048576K
Event: 9.371 GC heap after
Heap after GC invocations=9 (full 2):
 PSYoungGen      total 46080K, used 0K [0x00000000e0000000, 0x00000000e4c00000, 0x0000000100000000)
  eden space 38912K, 0% used [0x00000000e0000000,0x00000000e0000000,0x00000000e2600000)
  from space 7168K, 0% used [0x00000000e2600000,0x00000000e2600000,0x00000000e2d00000)
  to   space 7168K, 0% used [0x00000000e4500000,0x00000000e4500000,0x00000000e4c00000)
 ParOldGen       total 67072K, used 11133K [0x00000000a0000000, 0x00000000a4180000, 0x00000000e0000000)
  object space 67072K, 16% used [0x00000000a0000000,0x00000000a0adf6e8,0x00000000a4180000)
 Metaspace       used 33750K, capacity 35372K, committed 35496K, reserved 1079296K
  class space    used 4831K, capacity 5041K, committed 5120K, reserved 1048576K
}
Event: 11.675 GC heap before
{Heap before GC invocations=10 (full 2):
 PSYoungGen      total 46080K, used 38912K [0x00000000e0000000, 0x00000000e4c00000, 0x0000000100000000)
  eden space 38912K, 100% used [0x00000000e0000000,0x00000000e2600000,0x00000000e2600000)
  from space 7168K, 0% used [0x00000000e2600000,0x00000000e2600000,0x00000000e2d00000)
  to   space 7168K, 0% used [0x00000000e4500000,0x00000000e4500000,0x00000000e4c00000)
 ParOldGen       total 67072K, used 11133K [0x00000000a0000000, 0x00000000a4180000, 0x00000000e0000000)
  object space 67072K, 16% used [0x00000000a0000000,0x00000000a0adf6e8,0x00000000a4180000)
 Metaspace       used 38553K, capacity 40918K, committed 41088K, reserved 1085440K
  class space    used 5494K, capacity 5707K, committed 5760K, reserved 1048576K
Event: 11.683 GC heap after
Heap after GC invocations=10 (full 2):
 PSYoungGen      total 59904K, used 4128K [0x00000000e0000000, 0x00000000e4980000, 0x0000000100000000)
  eden space 55296K, 0% used [0x00000000e0000000,0x00000000e0000000,0x00000000e3600000)
  from space 4608K, 89% used [0x00000000e4500000,0x00000000e49080a0,0x00000000e4980000)
  to   space 7168K, 0% used [0x00000000e3b80000,0x00000000e3b80000,0x00000000e4280000)
 ParOldGen       total 67072K, used 11133K [0x00000000a0000000, 0x00000000a4180000, 0x00000000e0000000)
  object space 67072K, 16% used [0x00000000a0000000,0x00000000a0adf6e8,0x00000000a4180000)
 Metaspace       used 38553K, capacity 40918K, committed 41088K, reserved 1085440K
  class space    used 5494K, capacity 5707K, committed 5760K, reserved 1048576K
}
Event: 13.859 GC heap before
{Heap before GC invocations=11 (full 2):
 PSYoungGen      total 59904K, used 59424K [0x00000000e0000000, 0x00000000e4980000, 0x0000000100000000)
  eden space 55296K, 100% used [0x00000000e0000000,0x00000000e3600000,0x00000000e3600000)
  from space 4608K, 89% used [0x00000000e4500000,0x00000000e49080a0,0x00000000e4980000)
  to   space 7168K, 0% used [0x00000000e3b80000,0x00000000e3b80000,0x00000000e4280000)
 ParOldGen       total 67072K, used 11133K [0x00000000a0000000, 0x00000000a4180000, 0x00000000e0000000)
  object space 67072K, 16% used [0x00000000a0000000,0x00000000a0adf6e8,0x00000000a4180000)
 Metaspace       used 44970K, capacity 47838K, committed 48000K, reserved 1091584K
  class space    used 6235K, capacity 6466K, committed 6528K, reserved 1048576K
Event: 15.207 GC heap after
Heap after GC invocations=11 (full 2):
 PSYoungGen      total 68096K, used 7155K [0x00000000e0000000, 0x00000000e6a00000, 0x0000000100000000)
  eden space 60928K, 0% used [0x00000000e0000000,0x00000000e0000000,0x00000000e3b80000)
  from space 7168K, 99% used [0x00000000e3b80000,0x00000000e427ce00,0x00000000e4280000)
  to   space 12800K, 0% used [0x00000000e5d80000,0x00000000e5d80000,0x00000000e6a00000)
 ParOldGen       total 67072K, used 23706K [0x00000000a0000000, 0x00000000a4180000, 0x00000000e0000000)
  object space 67072K, 35% used [0x00000000a0000000,0x00000000a1726b60,0x00000000a4180000)
 Metaspace       used 44970K, capacity 47838K, committed 48000K, reserved 1091584K
  class space    used 6235K, capacity 6466K, committed 6528K, reserved 1048576K
}
Event: 21.640 GC heap before
{Heap before GC invocations=12 (full 2):
 PSYoungGen      total 68096K, used 65370K [0x00000000e0000000, 0x00000000e6a00000, 0x0000000100000000)
  eden space 60928K, 95% used [0x00000000e0000000,0x00000000e38d9b60,0x00000000e3b80000)
  from space 7168K, 99% used [0x00000000e3b80000,0x00000000e427ce00,0x00000000e4280000)
  to   space 12800K, 0% used [0x00000000e5d80000,0x00000000e5d80000,0x00000000e6a00000)
 ParOldGen       total 67072K, used 23706K [0x00000000a0000000, 0x00000000a4180000, 0x00000000e0000000)
  object space 67072K, 35% used [0x00000000a0000000,0x00000000a1726b60,0x00000000a4180000)
 Metaspace       used 54045K, capacity 59096K, committed 59160K, reserved 1101824K
  class space    used 7486K, capacity 7773K, committed 7808K, reserved 1048576K
Event: 21.663 GC heap after
Heap after GC invocations=12 (full 2):
 PSYoungGen      total 93184K, used 12792K [0x00000000e0000000, 0x00000000e7600000, 0x0000000100000000)
  eden space 80384K, 0% used [0x00000000e0000000,0x00000000e0000000,0x00000000e4e80000)
  from space 12800K, 99% used [0x00000000e5d80000,0x00000000e69fe338,0x00000000e6a00000)
  to   space 15360K, 0% used [0x00000000e4e80000,0x00000000e4e80000,0x00000000e5d80000)
 ParOldGen       total 67072K, used 26055K [0x00000000a0000000, 0x00000000a4180000, 0x00000000e0000000)
  object space 67072K, 38% used [0x00000000a0000000,0x00000000a1971d08,0x00000000a4180000)
 Metaspace       used 54045K, capacity 59096K, committed 59160K, reserved 1101824K
  class space    used 7486K, capacity 7773K, committed 7808K, reserved 1048576K
}
Event: 21.663 GC heap before
{Heap before GC invocations=13 (full 3):
 PSYoungGen      total 93184K, used 12792K [0x00000000e0000000, 0x00000000e7600000, 0x0000000100000000)
  eden space 80384K, 0% used [0x00000000e0000000,0x00000000e0000000,0x00000000e4e80000)
  from space 12800K, 99% used [0x00000000e5d80000,0x00000000e69fe338,0x00000000e6a00000)
  to   space 15360K, 0% used [0x00000000e4e80000,0x00000000e4e80000,0x00000000e5d80000)
 ParOldGen       total 67072K, used 26055K [0x00000000a0000000, 0x00000000a4180000, 0x00000000e0000000)
  object space 67072K, 38% used [0x00000000a0000000,0x00000000a1971d08,0x00000000a4180000)
 Metaspace       used 54045K, capacity 59096K, committed 59160K, reserved 1101824K
  class space    used 7486K, capacity 7773K, committed 7808K, reserved 1048576K

